<?xml version="1.0" encoding="UTF-8"?>
<!-- Generated by org.testng.reporters.JUnitReportReporter -->
<testsuite hostname="DESKTOP-HT5T89J" failures="0" tests="1" name="com.helix.qa.testcases.AdminsPageTest" time="15.681" errors="0" timestamp="2023-05-31T10:18:24 IST" skipped="0">
  <testcase classname="com.helix.qa.testcases.AdminsPageTest" name="adminlist" time="15.681"/>
  <system-out/>
</testsuite> <!-- com.helix.qa.testcases.AdminsPageTest -->
